{"type":"server-started","port":51932,"host":"127.0.0.1","url_host":"localhost","url":"http://localhost:51932","screen_dir":"/Users/samiehabdeljabbar/Desktop/actually_learn/.superpowers/brainstorm/34218-1774744614/content","state_dir":"/Users/samiehabdeljabbar/Desktop/actually_learn/.superpowers/brainstorm/34218-1774744614/state"}
{"type":"screen-added","file":"/Users/samiehabdeljabbar/Desktop/actually_learn/.superpowers/brainstorm/34218-1774744614/content/spacing-issues.html"}
{"type":"screen-updated","file":"/Users/samiehabdeljabbar/Desktop/actually_learn/.superpowers/brainstorm/34218-1774744614/content/spacing-issues.html"}
{"type":"screen-updated","file":"/Users/samiehabdeljabbar/Desktop/actually_learn/.superpowers/brainstorm/34218-1774744614/content/spacing-issues.html"}
{"type":"screen-updated","file":"/Users/samiehabdeljabbar/Desktop/actually_learn/.superpowers/brainstorm/34218-1774744614/content/spacing-issues.html"}
{"source":"user-event","type":"click","text":"A\n    \n      Full Obsidian Treatment\n      Edge-to-edge panels, sidebar extends full-height, remove all \"island\" containers, flatten nesting, tighter spacing throughout. Bigger structural change.","choice":"a","id":null,"timestamp":1774744797885}
{"source":"user-event","type":"click","text":"A\n    \n      Full Obsidian Treatment\n      Edge-to-edge panels, sidebar extends full-height, remove all \"island\" containers, flatten nesting, tighter spacing throughout. Bigger structural change.","choice":"a","id":null,"timestamp":1774744808342}
{"source":"user-event","type":"click","text":"A\n    \n      Full Obsidian Treatment\n      Edge-to-edge panels, sidebar extends full-height, remove all \"island\" containers, flatten nesting, tighter spacing throughout. Bigger structural change.","choice":"a","id":null,"timestamp":1774744808565}
{"source":"user-event","type":"click","text":"A\n    \n      Full Obsidian Treatment\n      Edge-to-edge panels, sidebar extends full-height, remove all \"island\" containers, flatten nesting, tighter spacing throughout. Bigger structural change.","choice":"a","id":null,"timestamp":1774744840534}
{"source":"user-event","type":"click","text":"A\n    \n      Full Obsidian Treatment\n      Edge-to-edge panels, sidebar extends full-height, remove all \"island\" containers, flatten nesting, tighter spacing throughout. Bigger structural change.","choice":"a","id":null,"timestamp":1774744840726}
{"source":"user-event","type":"click","text":"A\n    \n      Full Obsidian Treatment\n      Edge-to-edge panels, sidebar extends full-height, remove all \"island\" containers, flatten nesting, tighter spacing throughout. Bigger structural change.","choice":"a","id":null,"timestamp":1774744840914}
{"type":"screen-added","file":"/Users/samiehabdeljabbar/Desktop/actually_learn/.superpowers/brainstorm/34218-1774744614/content/approach-comparison.html"}
{"type":"screen-updated","file":"/Users/samiehabdeljabbar/Desktop/actually_learn/.superpowers/brainstorm/34218-1774744614/content/approach-comparison.html"}
{"type":"screen-updated","file":"/Users/samiehabdeljabbar/Desktop/actually_learn/.superpowers/brainstorm/34218-1774744614/content/approach-comparison.html"}
{"type":"screen-updated","file":"/Users/samiehabdeljabbar/Desktop/actually_learn/.superpowers/brainstorm/34218-1774744614/content/approach-comparison.html"}
{"source":"user-event","type":"click","text":"A\n    \n      Looks good, proceed\n      All 4 layers make sense. Move to writing the full design spec.","choice":"approve","id":null,"timestamp":1774745880182}
{"type":"screen-added","file":"/Users/samiehabdeljabbar/Desktop/actually_learn/.superpowers/brainstorm/34218-1774744614/content/waiting.html"}
{"type":"screen-updated","file":"/Users/samiehabdeljabbar/Desktop/actually_learn/.superpowers/brainstorm/34218-1774744614/content/waiting.html"}
{"type":"screen-updated","file":"/Users/samiehabdeljabbar/Desktop/actually_learn/.superpowers/brainstorm/34218-1774744614/content/waiting.html"}
{"type":"screen-updated","file":"/Users/samiehabdeljabbar/Desktop/actually_learn/.superpowers/brainstorm/34218-1774744614/content/waiting.html"}
{"type":"server-stopped","reason":"idle timeout"}
